{"/home/kate/RS/react/class-components/rs-react-app/src/App.tsx": {"path":"/home/kate/RS/react/class-components/rs-react-app/src/App.tsx","all":false,"statementMap":{"0":{"start":{"line":1,"column":0},"end":{"line":1,"column":34}},"1":{"start":{"line":2,"column":0},"end":{"line":2,"column":48}},"2":{"start":{"line":3,"column":0},"end":{"line":3,"column":42}},"45":{"start":{"line":46,"column":0},"end":{"line":46,"column":62}},"46":{"start":{"line":47,"column":0},"end":{"line":47,"column":45}},"47":{"start":{"line":48,"column":0},"end":{"line":48,"column":17}},"48":{"start":{"line":49,"column":0},"end":{"line":49,"column":18}},"49":{"start":{"line":50,"column":0},"end":{"line":50,"column":21}},"50":{"start":{"line":51,"column":0},"end":{"line":51,"column":21}},"51":{"start":{"line":52,"column":0},"end":{"line":52,"column":19}},"52":{"start":{"line":53,"column":0},"end":{"line":53,"column":6}},"53":{"start":{"line":54,"column":0},"end":{"line":54,"column":3}},"55":{"start":{"line":56,"column":0},"end":{"line":56,"column":23}},"56":{"start":{"line":57,"column":0},"end":{"line":57,"column":25}},"57":{"start":{"line":58,"column":0},"end":{"line":58,"column":3}},"59":{"start":{"line":60,"column":0},"end":{"line":60,"column":31}},"60":{"start":{"line":61,"column":0},"end":{"line":61,"column":37}},"61":{"start":{"line":62,"column":0},"end":{"line":62,"column":9}},"62":{"start":{"line":63,"column":0},"end":{"line":63,"column":35}},"63":{"start":{"line":64,"column":0},"end":{"line":64,"column":52}},"64":{"start":{"line":65,"column":0},"end":{"line":65,"column":8}},"65":{"start":{"line":66,"column":0},"end":{"line":66,"column":62}},"67":{"start":{"line":68,"column":0},"end":{"line":68,"column":47}},"68":{"start":{"line":69,"column":0},"end":{"line":69,"column":45}},"69":{"start":{"line":70,"column":0},"end":{"line":70,"column":59}},"70":{"start":{"line":71,"column":0},"end":{"line":71,"column":52}},"71":{"start":{"line":72,"column":0},"end":{"line":72,"column":41}},"73":{"start":{"line":74,"column":0},"end":{"line":74,"column":18}},"74":{"start":{"line":75,"column":0},"end":{"line":75,"column":31}},"75":{"start":{"line":76,"column":0},"end":{"line":76,"column":35}},"76":{"start":{"line":77,"column":0},"end":{"line":77,"column":53}},"77":{"start":{"line":78,"column":0},"end":{"line":78,"column":80}},"78":{"start":{"line":79,"column":0},"end":{"line":79,"column":39}},"79":{"start":{"line":80,"column":0},"end":{"line":80,"column":39}},"80":{"start":{"line":81,"column":0},"end":{"line":81,"column":12}},"81":{"start":{"line":82,"column":0},"end":{"line":82,"column":9}},"82":{"start":{"line":83,"column":0},"end":{"line":83,"column":8}},"84":{"start":{"line":85,"column":0},"end":{"line":85,"column":61}},"85":{"start":{"line":86,"column":0},"end":{"line":86,"column":47}},"86":{"start":{"line":87,"column":0},"end":{"line":87,"column":21}},"87":{"start":{"line":88,"column":0},"end":{"line":88,"column":59}},"88":{"start":{"line":89,"column":0},"end":{"line":89,"column":15}},"89":{"start":{"line":90,"column":0},"end":{"line":90,"column":40}},"90":{"start":{"line":91,"column":0},"end":{"line":91,"column":5}},"91":{"start":{"line":92,"column":0},"end":{"line":92,"column":4}},"93":{"start":{"line":94,"column":0},"end":{"line":94,"column":42}},"94":{"start":{"line":95,"column":0},"end":{"line":95,"column":40}},"95":{"start":{"line":96,"column":0},"end":{"line":96,"column":4}},"97":{"start":{"line":98,"column":0},"end":{"line":98,"column":24}},"98":{"start":{"line":99,"column":0},"end":{"line":99,"column":57}},"99":{"start":{"line":100,"column":0},"end":{"line":100,"column":4}},"101":{"start":{"line":102,"column":0},"end":{"line":102,"column":28}},"102":{"start":{"line":103,"column":0},"end":{"line":103,"column":43}},"103":{"start":{"line":104,"column":0},"end":{"line":104,"column":4}},"105":{"start":{"line":106,"column":0},"end":{"line":106,"column":12}},"106":{"start":{"line":107,"column":0},"end":{"line":107,"column":57}},"108":{"start":{"line":109,"column":0},"end":{"line":109,"column":12}},"109":{"start":{"line":110,"column":0},"end":{"line":110,"column":47}},"110":{"start":{"line":111,"column":0},"end":{"line":111,"column":15}},"111":{"start":{"line":112,"column":0},"end":{"line":112,"column":33}},"112":{"start":{"line":113,"column":0},"end":{"line":113,"column":50}},"113":{"start":{"line":114,"column":0},"end":{"line":114,"column":38}},"114":{"start":{"line":115,"column":0},"end":{"line":115,"column":27}},"115":{"start":{"line":116,"column":0},"end":{"line":116,"column":46}},"116":{"start":{"line":117,"column":0},"end":{"line":117,"column":10}},"117":{"start":{"line":118,"column":0},"end":{"line":118,"column":78}},"118":{"start":{"line":119,"column":0},"end":{"line":119,"column":12}},"120":{"start":{"line":121,"column":0},"end":{"line":121,"column":3}},"121":{"start":{"line":122,"column":0},"end":{"line":122,"column":1}},"123":{"start":{"line":124,"column":0},"end":{"line":124,"column":19}}},"s":{"0":1,"1":1,"2":1,"45":1,"46":1,"47":1,"48":1,"49":1,"50":1,"51":1,"52":1,"53":1,"55":1,"56":1,"57":1,"59":1,"60":1,"61":1,"62":1,"63":1,"64":1,"65":1,"67":1,"68":1,"69":2,"70":2,"71":2,"73":2,"74":2,"75":2,"76":2,"77":2,"78":2,"79":2,"80":2,"81":2,"82":1,"84":1,"85":1,"86":1,"87":0,"88":1,"89":1,"90":1,"91":1,"93":1,"94":0,"95":0,"97":1,"98":0,"99":0,"101":1,"102":0,"103":0,"105":1,"106":3,"108":3,"109":3,"110":3,"111":3,"112":3,"113":3,"114":3,"115":3,"116":3,"117":3,"118":3,"120":3,"121":1,"123":1},"branchMap":{"0":{"type":"branch","line":47,"loc":{"start":{"line":47,"column":2},"end":{"line":54,"column":3}},"locations":[{"start":{"line":47,"column":2},"end":{"line":54,"column":3}}]},"1":{"type":"branch","line":56,"loc":{"start":{"line":56,"column":2},"end":{"line":58,"column":3}},"locations":[{"start":{"line":56,"column":2},"end":{"line":58,"column":3}}]},"2":{"type":"branch","line":60,"loc":{"start":{"line":60,"column":2},"end":{"line":104,"column":4}},"locations":[{"start":{"line":60,"column":2},"end":{"line":104,"column":4}}]},"3":{"type":"branch","line":60,"loc":{"start":{"line":60,"column":18},"end":{"line":92,"column":4}},"locations":[{"start":{"line":60,"column":18},"end":{"line":92,"column":4}}]},"4":{"type":"branch","line":87,"loc":{"start":{"line":87,"column":4},"end":{"line":89,"column":6}},"locations":[{"start":{"line":87,"column":4},"end":{"line":89,"column":6}}]},"5":{"type":"branch","line":69,"loc":{"start":{"line":69,"column":8},"end":{"line":82,"column":9}},"locations":[{"start":{"line":69,"column":8},"end":{"line":82,"column":9}}]},"6":{"type":"branch","line":78,"loc":{"start":{"line":78,"column":41},"end":{"line":78,"column":78}},"locations":[{"start":{"line":78,"column":41},"end":{"line":78,"column":78}}]},"7":{"type":"branch","line":106,"loc":{"start":{"line":106,"column":2},"end":{"line":121,"column":3}},"locations":[{"start":{"line":106,"column":2},"end":{"line":121,"column":3}}]}},"b":{"0":[1],"1":[1],"2":[1],"3":[1],"4":[0],"5":[2],"6":[2],"7":[3]},"fnMap":{"0":{"name":"App","decl":{"start":{"line":47,"column":2},"end":{"line":54,"column":3}},"loc":{"start":{"line":47,"column":2},"end":{"line":54,"column":3}},"line":47},"1":{"name":"componentDidMount","decl":{"start":{"line":56,"column":2},"end":{"line":58,"column":3}},"loc":{"start":{"line":56,"column":2},"end":{"line":58,"column":3}},"line":56},"2":{"name":"<instance_members_initializer>","decl":{"start":{"line":60,"column":2},"end":{"line":104,"column":4}},"loc":{"start":{"line":60,"column":2},"end":{"line":104,"column":4}},"line":60},"3":{"name":"fetchPokemons","decl":{"start":{"line":60,"column":18},"end":{"line":92,"column":4}},"loc":{"start":{"line":60,"column":18},"end":{"line":92,"column":4}},"line":60},"4":{"name":"handleSearchChange","decl":{"start":{"line":94,"column":23},"end":{"line":96,"column":4}},"loc":{"start":{"line":94,"column":23},"end":{"line":96,"column":4}},"line":94},"5":{"name":"handleSearch","decl":{"start":{"line":98,"column":17},"end":{"line":100,"column":4}},"loc":{"start":{"line":98,"column":17},"end":{"line":100,"column":4}},"line":98},"6":{"name":"handleThrowError","decl":{"start":{"line":102,"column":21},"end":{"line":104,"column":4}},"loc":{"start":{"line":102,"column":21},"end":{"line":104,"column":4}},"line":102},"7":{"name":"render","decl":{"start":{"line":106,"column":2},"end":{"line":121,"column":3}},"loc":{"start":{"line":106,"column":2},"end":{"line":121,"column":3}},"line":106}},"f":{"0":1,"1":1,"2":1,"3":1,"4":0,"5":0,"6":0,"7":3}}
,"/home/kate/RS/react/class-components/rs-react-app/src/PokemonCard.tsx": {"path":"/home/kate/RS/react/class-components/rs-react-app/src/PokemonCard.tsx","all":false,"statementMap":{"0":{"start":{"line":1,"column":0},"end":{"line":1,"column":34}},"7":{"start":{"line":8,"column":0},"end":{"line":8,"column":55}},"8":{"start":{"line":9,"column":0},"end":{"line":9,"column":12}},"9":{"start":{"line":10,"column":0},"end":{"line":10,"column":35}},"11":{"start":{"line":12,"column":0},"end":{"line":12,"column":12}},"12":{"start":{"line":13,"column":0},"end":{"line":13,"column":36}},"13":{"start":{"line":14,"column":0},"end":{"line":14,"column":55}},"14":{"start":{"line":15,"column":0},"end":{"line":15,"column":14}},"15":{"start":{"line":16,"column":0},"end":{"line":16,"column":31}},"16":{"start":{"line":17,"column":0},"end":{"line":17,"column":30}},"17":{"start":{"line":18,"column":0},"end":{"line":18,"column":43}},"18":{"start":{"line":19,"column":0},"end":{"line":19,"column":12}},"19":{"start":{"line":20,"column":0},"end":{"line":20,"column":14}},"20":{"start":{"line":21,"column":0},"end":{"line":21,"column":47}},"21":{"start":{"line":22,"column":0},"end":{"line":22,"column":45}},"22":{"start":{"line":23,"column":0},"end":{"line":23,"column":40}},"23":{"start":{"line":24,"column":0},"end":{"line":24,"column":15}},"24":{"start":{"line":25,"column":0},"end":{"line":25,"column":47}},"25":{"start":{"line":26,"column":0},"end":{"line":26,"column":49}},"26":{"start":{"line":27,"column":0},"end":{"line":27,"column":19}},"27":{"start":{"line":28,"column":0},"end":{"line":28,"column":27}},"28":{"start":{"line":29,"column":0},"end":{"line":29,"column":76}},"30":{"start":{"line":31,"column":0},"end":{"line":31,"column":22}},"31":{"start":{"line":32,"column":0},"end":{"line":32,"column":21}},"32":{"start":{"line":33,"column":0},"end":{"line":33,"column":15}},"33":{"start":{"line":34,"column":0},"end":{"line":34,"column":16}},"34":{"start":{"line":35,"column":0},"end":{"line":35,"column":47}},"35":{"start":{"line":36,"column":0},"end":{"line":36,"column":49}},"36":{"start":{"line":37,"column":0},"end":{"line":37,"column":44}},"37":{"start":{"line":38,"column":0},"end":{"line":38,"column":19}},"38":{"start":{"line":39,"column":0},"end":{"line":39,"column":49}},"39":{"start":{"line":40,"column":0},"end":{"line":40,"column":45}},"40":{"start":{"line":41,"column":0},"end":{"line":41,"column":19}},"41":{"start":{"line":42,"column":0},"end":{"line":42,"column":16}},"42":{"start":{"line":43,"column":0},"end":{"line":43,"column":14}},"43":{"start":{"line":44,"column":0},"end":{"line":44,"column":12}},"45":{"start":{"line":46,"column":0},"end":{"line":46,"column":3}},"46":{"start":{"line":47,"column":0},"end":{"line":47,"column":1}},"48":{"start":{"line":49,"column":0},"end":{"line":49,"column":27}}},"s":{"0":1,"7":1,"8":1,"9":7,"11":7,"12":7,"13":7,"14":7,"15":7,"16":7,"17":7,"18":7,"19":7,"20":7,"21":7,"22":7,"23":7,"24":7,"25":7,"26":7,"27":7,"28":7,"30":7,"31":7,"32":7,"33":7,"34":7,"35":7,"36":7,"37":7,"38":7,"39":7,"40":7,"41":7,"42":7,"43":7,"45":7,"46":1,"48":1},"branchMap":{"0":{"type":"branch","line":9,"loc":{"start":{"line":9,"column":2},"end":{"line":46,"column":3}},"locations":[{"start":{"line":9,"column":2},"end":{"line":46,"column":3}}]},"1":{"type":"branch","line":26,"loc":{"start":{"line":26,"column":31},"end":{"line":32,"column":21}},"locations":[{"start":{"line":26,"column":31},"end":{"line":32,"column":21}}]}},"b":{"0":[7],"1":[7]},"fnMap":{"0":{"name":"render","decl":{"start":{"line":9,"column":2},"end":{"line":46,"column":3}},"loc":{"start":{"line":9,"column":2},"end":{"line":46,"column":3}},"line":9}},"f":{"0":7}}
,"/home/kate/RS/react/class-components/rs-react-app/src/script.tsx": {"path":"/home/kate/RS/react/class-components/rs-react-app/src/script.tsx","all":true,"statementMap":{"0":{"start":{"line":1,"column":0},"end":{"line":1,"column":35}},"1":{"start":{"line":2,"column":0},"end":{"line":2,"column":46}},"2":{"start":{"line":3,"column":0},"end":{"line":3,"column":21}},"3":{"start":{"line":4,"column":0},"end":{"line":4,"column":28}},"6":{"start":{"line":7,"column":0},"end":{"line":7,"column":52}},"7":{"start":{"line":8,"column":0},"end":{"line":8,"column":14}},"8":{"start":{"line":9,"column":0},"end":{"line":9,"column":11}},"9":{"start":{"line":10,"column":0},"end":{"line":10,"column":15}},"10":{"start":{"line":11,"column":0},"end":{"line":11,"column":2}}},"s":{"0":0,"1":0,"2":0,"3":0,"6":0,"7":0,"8":0,"9":0,"10":0},"branchMap":{"0":{"type":"branch","line":1,"loc":{"start":{"line":1,"column":276},"end":{"line":11,"column":-218}},"locations":[{"start":{"line":1,"column":276},"end":{"line":11,"column":-218}}]}},"b":{"0":[0]},"fnMap":{"0":{"name":"(empty-report)","decl":{"start":{"line":1,"column":276},"end":{"line":11,"column":-218}},"loc":{"start":{"line":1,"column":276},"end":{"line":11,"column":-218}},"line":1}},"f":{"0":0}}
,"/home/kate/RS/react/class-components/rs-react-app/src/components/Header/Header.tsx": {"path":"/home/kate/RS/react/class-components/rs-react-app/src/components/Header/Header.tsx","all":false,"statementMap":{"0":{"start":{"line":1,"column":0},"end":{"line":1,"column":34}},"2":{"start":{"line":3,"column":0},"end":{"line":3,"column":22}},"12":{"start":{"line":13,"column":0},"end":{"line":13,"column":45}},"13":{"start":{"line":14,"column":0},"end":{"line":14,"column":23}},"14":{"start":{"line":15,"column":0},"end":{"line":15,"column":75}},"15":{"start":{"line":16,"column":0},"end":{"line":16,"column":17}},"17":{"start":{"line":18,"column":0},"end":{"line":18,"column":12}},"18":{"start":{"line":19,"column":0},"end":{"line":19,"column":33}},"19":{"start":{"line":20,"column":0},"end":{"line":20,"column":42}},"20":{"start":{"line":21,"column":0},"end":{"line":21,"column":34}},"21":{"start":{"line":22,"column":0},"end":{"line":22,"column":61}},"22":{"start":{"line":23,"column":0},"end":{"line":23,"column":47}},"23":{"start":{"line":24,"column":0},"end":{"line":24,"column":20}},"24":{"start":{"line":25,"column":0},"end":{"line":25,"column":27}},"25":{"start":{"line":26,"column":0},"end":{"line":26,"column":47}},"26":{"start":{"line":27,"column":0},"end":{"line":27,"column":34}},"27":{"start":{"line":28,"column":0},"end":{"line":28,"column":64}},"28":{"start":{"line":29,"column":0},"end":{"line":29,"column":41}},"29":{"start":{"line":30,"column":0},"end":{"line":30,"column":16}},"30":{"start":{"line":31,"column":0},"end":{"line":31,"column":21}},"31":{"start":{"line":32,"column":0},"end":{"line":32,"column":34}},"32":{"start":{"line":33,"column":0},"end":{"line":33,"column":34}},"33":{"start":{"line":34,"column":0},"end":{"line":34,"column":42}},"35":{"start":{"line":36,"column":0},"end":{"line":36,"column":53}},"36":{"start":{"line":37,"column":0},"end":{"line":37,"column":23}},"37":{"start":{"line":38,"column":0},"end":{"line":38,"column":18}},"38":{"start":{"line":39,"column":0},"end":{"line":39,"column":75}},"40":{"start":{"line":41,"column":0},"end":{"line":41,"column":21}},"41":{"start":{"line":42,"column":0},"end":{"line":42,"column":16}},"42":{"start":{"line":43,"column":0},"end":{"line":43,"column":14}},"43":{"start":{"line":44,"column":0},"end":{"line":44,"column":15}},"45":{"start":{"line":46,"column":0},"end":{"line":46,"column":3}},"46":{"start":{"line":47,"column":0},"end":{"line":47,"column":1}},"48":{"start":{"line":49,"column":0},"end":{"line":49,"column":22}}},"s":{"0":1,"2":1,"12":1,"13":1,"14":4,"15":4,"17":4,"18":4,"19":4,"20":4,"21":4,"22":4,"23":4,"24":4,"25":4,"26":4,"27":4,"28":4,"29":4,"30":4,"31":4,"32":4,"33":4,"35":4,"36":4,"37":4,"38":4,"40":4,"41":4,"42":4,"43":4,"45":4,"46":1,"48":1},"branchMap":{"0":{"type":"branch","line":14,"loc":{"start":{"line":14,"column":2},"end":{"line":46,"column":3}},"locations":[{"start":{"line":14,"column":2},"end":{"line":46,"column":3}}]},"1":{"type":"branch","line":36,"loc":{"start":{"line":36,"column":17},"end":{"line":36,"column":44}},"locations":[{"start":{"line":36,"column":17},"end":{"line":36,"column":44}}]},"2":{"type":"branch","line":36,"loc":{"start":{"line":36,"column":27},"end":{"line":36,"column":53}},"locations":[{"start":{"line":36,"column":27},"end":{"line":36,"column":53}}]}},"b":{"0":[4],"1":[1],"2":[3]},"fnMap":{"0":{"name":"render","decl":{"start":{"line":14,"column":2},"end":{"line":46,"column":3}},"loc":{"start":{"line":14,"column":2},"end":{"line":46,"column":3}},"line":14},"1":{"name":"onChange","decl":{"start":{"line":28,"column":26},"end":{"line":28,"column":64}},"loc":{"start":{"line":28,"column":26},"end":{"line":28,"column":64}},"line":28}},"f":{"0":4,"1":0}}
,"/home/kate/RS/react/class-components/rs-react-app/src/components/Main/Main.tsx": {"path":"/home/kate/RS/react/class-components/rs-react-app/src/components/Main/Main.tsx","all":false,"statementMap":{"0":{"start":{"line":1,"column":0},"end":{"line":1,"column":34}},"2":{"start":{"line":3,"column":0},"end":{"line":3,"column":44}},"10":{"start":{"line":11,"column":0},"end":{"line":11,"column":41}},"11":{"start":{"line":12,"column":0},"end":{"line":12,"column":12}},"12":{"start":{"line":13,"column":0},"end":{"line":13,"column":45}},"14":{"start":{"line":15,"column":0},"end":{"line":15,"column":18}},"15":{"start":{"line":16,"column":0},"end":{"line":16,"column":71}},"16":{"start":{"line":17,"column":0},"end":{"line":17,"column":5}},"18":{"start":{"line":19,"column":0},"end":{"line":19,"column":12}},"19":{"start":{"line":20,"column":0},"end":{"line":20,"column":29}},"20":{"start":{"line":21,"column":0},"end":{"line":21,"column":59}},"21":{"start":{"line":22,"column":0},"end":{"line":22,"column":34}},"22":{"start":{"line":23,"column":0},"end":{"line":23,"column":51}},"24":{"start":{"line":25,"column":0},"end":{"line":25,"column":40}},"25":{"start":{"line":26,"column":0},"end":{"line":26,"column":40}},"26":{"start":{"line":27,"column":0},"end":{"line":27,"column":64}},"27":{"start":{"line":28,"column":0},"end":{"line":28,"column":15}},"28":{"start":{"line":29,"column":0},"end":{"line":29,"column":16}},"30":{"start":{"line":31,"column":0},"end":{"line":31,"column":13}},"32":{"start":{"line":33,"column":0},"end":{"line":33,"column":3}},"33":{"start":{"line":34,"column":0},"end":{"line":34,"column":1}},"35":{"start":{"line":36,"column":0},"end":{"line":36,"column":20}}},"s":{"0":1,"2":1,"10":1,"11":1,"12":10,"14":10,"15":2,"16":2,"18":8,"19":8,"20":8,"21":8,"22":2,"24":6,"25":6,"26":21,"27":6,"28":6,"30":10,"32":10,"33":1,"35":1},"branchMap":{"0":{"type":"branch","line":12,"loc":{"start":{"line":12,"column":2},"end":{"line":33,"column":3}},"locations":[{"start":{"line":12,"column":2},"end":{"line":33,"column":3}}]},"1":{"type":"branch","line":15,"loc":{"start":{"line":15,"column":17},"end":{"line":17,"column":5}},"locations":[{"start":{"line":15,"column":17},"end":{"line":17,"column":5}}]},"2":{"type":"branch","line":17,"loc":{"start":{"line":17,"column":4},"end":{"line":22,"column":34}},"locations":[{"start":{"line":17,"column":4},"end":{"line":22,"column":34}}]},"3":{"type":"branch","line":22,"loc":{"start":{"line":22,"column":29},"end":{"line":23,"column":51}},"locations":[{"start":{"line":22,"column":29},"end":{"line":23,"column":51}}]},"4":{"type":"branch","line":23,"loc":{"start":{"line":23,"column":47},"end":{"line":29,"column":16}},"locations":[{"start":{"line":23,"column":47},"end":{"line":29,"column":16}}]},"5":{"type":"branch","line":26,"loc":{"start":{"line":26,"column":26},"end":{"line":27,"column":64}},"locations":[{"start":{"line":26,"column":26},"end":{"line":27,"column":64}}]}},"b":{"0":[10],"1":[2],"2":[8],"3":[2],"4":[6],"5":[21]},"fnMap":{"0":{"name":"render","decl":{"start":{"line":12,"column":2},"end":{"line":33,"column":3}},"loc":{"start":{"line":12,"column":2},"end":{"line":33,"column":3}},"line":12}},"f":{"0":10}}
}
